[debug] ----------------------------------------------------------------------
[debug] Command:      C:\Program Files\nodejs\node.exe C:\Users\jonathantoyoshima\AppData\Roaming\npm\node_modules\firebase-tools\bin\firebase serve
[debug] CLI Version:  3.6.1
[debug] Platform:     win32
[debug] Node Version: v6.9.5
[debug] Time:         Fri Apr 28 2017 13:48:42 GMT-0300 (E. South America Standard Time)
[debug] ----------------------------------------------------------------------
[debug] 
[debug] > command requires scopes: ["email","openid","https://www.googleapis.com/auth/cloudplatformprojects.readonly","https://www.googleapis.com/auth/firebase","https://www.googleapis.com/auth/cloud-platform"]
[debug] > refreshing access token with scopes: ["email","https://www.googleapis.com/auth/cloud-platform","https://www.googleapis.com/auth/cloudplatformprojects.readonly","https://www.googleapis.com/auth/firebase","openid"]
[debug] >>> HTTP REQUEST POST https://www.googleapis.com/oauth2/v3/token { refresh_token: '1/hI1m02r1HeeJXZG8sEW_j4T8aE4EafcX3749jx0O-Hc',
  client_id: '563584335869-fgrhgmd47bqnekij5i8b5pr03ho849e6.apps.googleusercontent.com',
  client_secret: 'j9iVZfS8kkCEFUPaAeJV0sAi',
  grant_type: 'refresh_token',
  scope: 'email https://www.googleapis.com/auth/cloud-platform https://www.googleapis.com/auth/cloudplatformprojects.readonly https://www.googleapis.com/auth/firebase openid' } 
 Fri Apr 28 2017 13:48:42 GMT-0300 (E. South America Standard Time)
[debug] <<< HTTP RESPONSE 200
[debug] >>> HTTP REQUEST GET https://admin.firebase.com/v1/projects/forcasuldanovaera  
 Fri Apr 28 2017 13:48:43 GMT-0300 (E. South America Standard Time)
[debug] <<< HTTP RESPONSE 200
[debug] >>> HTTP REQUEST GET https://admin.firebase.com/v1/database/forcasuldanovaera/tokens  
 Fri Apr 28 2017 13:48:44 GMT-0300 (E. South America Standard Time)
[debug] <<< HTTP RESPONSE 200
[info] Starting Firebase development server...
[info] 
[info] Project Directory: D:\repository\__dowtime\firebase
[debug] >>> HTTP REQUEST GET https://cloudresourcemanager.googleapis.com/v1/projects/forcasuldanovaera  
 Fri Apr 28 2017 13:48:45 GMT-0300 (E. South America Standard Time)
[debug] <<< HTTP RESPONSE 200
[debug] >>> HTTP REQUEST GET https://mobilesdk-pa.googleapis.com/v1/projects/208349092992/clients/_:getWebAppConfig  
 Fri Apr 28 2017 13:48:47 GMT-0300 (E. South America Standard Time)
[debug] <<< HTTP RESPONSE 200
[info] Public Directory: public
[info] 
[info] Server listening at: http://localhost:5000
